<?xml version="1.0" encoding="UTF-8"?>
<!-- Generated by org.testng.reporters.JUnitXMLReporter -->
<testsuite ignored="0" hostname="LAPTOP-PRN3QSKO" failures="3" tests="6" name="TestRunner" time="33.032" errors="0" timestamp="2022-07-12T20:41:51 EEST">
  <testcase classname="io.cucumber.testng.AbstractTestNGCucumberTests" name="runScenario" time="5.654"/>
  <testcase classname="io.cucumber.testng.AbstractTestNGCucumberTests" name="runScenario" time="3.904"/>
  <testcase classname="io.cucumber.testng.AbstractTestNGCucumberTests" name="runScenario" time="8.507"/>
  <testcase classname="io.cucumber.testng.AbstractTestNGCucumberTests" name="runScenario" time="3.273">
    <failure type="java.lang.AssertionError" message="expected [true] but found [false]">
      <![CDATA[java.lang.AssertionError: expected [true] but found [false]
at steps_defs.CommonStepsDefs.checkErrorMessage(CommonStepsDefs.java:33)
at ✽.Then I see login error message 'Epic sadface: Username is required’(file:///C:/Users/janis/IdeaProjects/qa_automation_jm/src/test/resources/features/login.feature:18)
... Removed 4 stack frames]]>
    </failure>
  </testcase> <!-- runScenario -->
  <testcase classname="io.cucumber.testng.AbstractTestNGCucumberTests" name="runScenario" time="3.023">
    <failure type="java.lang.AssertionError" message="expected [true] but found [false]">
      <![CDATA[java.lang.AssertionError: expected [true] but found [false]
at steps_defs.CommonStepsDefs.checkErrorMessage(CommonStepsDefs.java:33)
at ✽.Then I see login error message 'Epic sadface: Username is required’(file:///C:/Users/janis/IdeaProjects/qa_automation_jm/src/test/resources/features/login.feature:18)
... Removed 4 stack frames]]>
    </failure>
  </testcase> <!-- runScenario -->
  <testcase classname="io.cucumber.testng.AbstractTestNGCucumberTests" name="runScenario" time="3.069">
    <failure type="java.lang.AssertionError" message="expected [true] but found [false]">
      <![CDATA[java.lang.AssertionError: expected [true] but found [false]
at steps_defs.CommonStepsDefs.checkErrorMessage(CommonStepsDefs.java:33)
at ✽.Then I see login error message 'Epic sadface: Username is required’(file:///C:/Users/janis/IdeaProjects/qa_automation_jm/src/test/resources/features/login.feature:18)
... Removed 4 stack frames]]>
    </failure>
  </testcase> <!-- runScenario -->
</testsuite> <!-- TestRunner -->
