<?xml version="1.0" encoding="UTF-8"?>
<testng-results ignored="0" total="6" passed="3" failed="3" skipped="0">
  <reporter-output>
  </reporter-output>
  <suite started-at="2022-07-12T20:41:18 EEST" name="Login tests" finished-at="2022-07-12T20:41:51 EEST" duration-ms="33032">
    <groups>
      <group name="cucumber">
        <method signature="AbstractTestNGCucumberTests.runScenario(io.cucumber.testng.PickleWrapper,io.cucumber.testng.FeatureWrapper)[pri:0, instance:runner.TestRunner@5f9be66c]" name="runScenario" class="io.cucumber.testng.AbstractTestNGCucumberTests"/>
      </group> <!-- cucumber -->
    </groups>
    <test started-at="2022-07-12T20:41:18 EEST" name="TestRunner" finished-at="2022-07-12T20:41:51 EEST" duration-ms="33032">
      <class name="runner.TestRunner">
        <test-method is-config="true" signature="setUpClass(org.testng.ITestContext)[pri:0, instance:runner.TestRunner@5f9be66c]" started-at="2022-07-12T20:41:18 EEST" name="setUpClass" finished-at="2022-07-12T20:41:19 EEST" duration-ms="1089" status="PASS">
          <params>
            <param index="0">
              <value>
                <![CDATA[org.testng.TestRunner@324a0017]]>
              </value>
            </param>
          </params>
          <reporter-output>
          </reporter-output>
        </test-method> <!-- setUpClass -->
        <test-method signature="runScenario(io.cucumber.testng.PickleWrapper,io.cucumber.testng.FeatureWrapper)[pri:0, instance:runner.TestRunner@5f9be66c]" started-at="2022-07-12T20:41:19 EEST" name="runScenario" description="Runs Cucumber Scenarios" data-provider="scenarios" finished-at="2022-07-12T20:41:25 EEST" duration-ms="5654" status="PASS">
          <params>
            <param index="0">
              <value>
                <![CDATA["Success Login"]]>
              </value>
            </param>
            <param index="1">
              <value>
                <![CDATA["Login feature"]]>
              </value>
            </param>
          </params>
          <reporter-output>
          </reporter-output>
        </test-method> <!-- runScenario -->
        <test-method is-config="true" signature="after()[pri:0, instance:runner.TestRunner@5f9be66c]" started-at="2022-07-12T20:41:25 EEST" name="after" finished-at="2022-07-12T20:41:25 EEST" duration-ms="608" status="PASS">
          <reporter-output>
          </reporter-output>
        </test-method> <!-- after -->
        <test-method signature="runScenario(io.cucumber.testng.PickleWrapper,io.cucumber.testng.FeatureWrapper)[pri:0, instance:runner.TestRunner@5f9be66c]" started-at="2022-07-12T20:41:25 EEST" name="runScenario" description="Runs Cucumber Scenarios" data-provider="scenarios" finished-at="2022-07-12T20:41:29 EEST" duration-ms="3904" status="PASS">
          <params>
            <param index="0">
              <value>
                <![CDATA["Success Login"]]>
              </value>
            </param>
            <param index="1">
              <value>
                <![CDATA["Login feature"]]>
              </value>
            </param>
          </params>
          <reporter-output>
          </reporter-output>
        </test-method> <!-- runScenario -->
        <test-method is-config="true" signature="after()[pri:0, instance:runner.TestRunner@5f9be66c]" started-at="2022-07-12T20:41:29 EEST" name="after" finished-at="2022-07-12T20:41:30 EEST" duration-ms="552" status="PASS">
          <reporter-output>
          </reporter-output>
        </test-method> <!-- after -->
        <test-method signature="runScenario(io.cucumber.testng.PickleWrapper,io.cucumber.testng.FeatureWrapper)[pri:0, instance:runner.TestRunner@5f9be66c]" started-at="2022-07-12T20:41:30 EEST" name="runScenario" description="Runs Cucumber Scenarios" data-provider="scenarios" finished-at="2022-07-12T20:41:38 EEST" duration-ms="8507" status="PASS">
          <params>
            <param index="0">
              <value>
                <![CDATA["Success Login"]]>
              </value>
            </param>
            <param index="1">
              <value>
                <![CDATA["Login feature"]]>
              </value>
            </param>
          </params>
          <reporter-output>
          </reporter-output>
        </test-method> <!-- runScenario -->
        <test-method is-config="true" signature="after()[pri:0, instance:runner.TestRunner@5f9be66c]" started-at="2022-07-12T20:41:38 EEST" name="after" finished-at="2022-07-12T20:41:39 EEST" duration-ms="533" status="PASS">
          <reporter-output>
          </reporter-output>
        </test-method> <!-- after -->
        <test-method signature="runScenario(io.cucumber.testng.PickleWrapper,io.cucumber.testng.FeatureWrapper)[pri:0, instance:runner.TestRunner@5f9be66c]" started-at="2022-07-12T20:41:39 EEST" name="runScenario" description="Runs Cucumber Scenarios" data-provider="scenarios" finished-at="2022-07-12T20:41:42 EEST" duration-ms="3273" status="FAIL">
          <params>
            <param index="0">
              <value>
                <![CDATA["Scenario: Error login - no username"]]>
              </value>
            </param>
            <param index="1">
              <value>
                <![CDATA["Login feature"]]>
              </value>
            </param>
          </params>
          <exception class="java.lang.AssertionError">
            <message>
              <![CDATA[expected [true] but found [false]]]>
            </message>
            <full-stacktrace>
              <![CDATA[java.lang.AssertionError: expected [true] but found [false]
at org.testng.Assert.fail(Assert.java:110)
at org.testng.Assert.failNotEquals(Assert.java:1413)
at org.testng.Assert.assertTrue(Assert.java:56)
at org.testng.Assert.assertTrue(Assert.java:66)
at steps_defs.CommonStepsDefs.checkErrorMessage(CommonStepsDefs.java:33)
at ✽.Then I see login error message 'Epic sadface: Username is required’(file:///C:/Users/janis/IdeaProjects/qa_automation_jm/src/test/resources/features/login.feature:18)
]]>
            </full-stacktrace>
          </exception> <!-- java.lang.AssertionError -->
          <reporter-output>
          </reporter-output>
        </test-method> <!-- runScenario -->
        <test-method is-config="true" signature="after()[pri:0, instance:runner.TestRunner@5f9be66c]" started-at="2022-07-12T20:41:42 EEST" name="after" finished-at="2022-07-12T20:41:42 EEST" duration-ms="521" status="PASS">
          <reporter-output>
          </reporter-output>
        </test-method> <!-- after -->
        <test-method signature="runScenario(io.cucumber.testng.PickleWrapper,io.cucumber.testng.FeatureWrapper)[pri:0, instance:runner.TestRunner@5f9be66c]" started-at="2022-07-12T20:41:42 EEST" name="runScenario" description="Runs Cucumber Scenarios" data-provider="scenarios" finished-at="2022-07-12T20:41:45 EEST" duration-ms="3023" status="FAIL">
          <params>
            <param index="0">
              <value>
                <![CDATA["Scenario: Error login - no username"]]>
              </value>
            </param>
            <param index="1">
              <value>
                <![CDATA["Login feature"]]>
              </value>
            </param>
          </params>
          <exception class="java.lang.AssertionError">
            <message>
              <![CDATA[expected [true] but found [false]]]>
            </message>
            <full-stacktrace>
              <![CDATA[java.lang.AssertionError: expected [true] but found [false]
at org.testng.Assert.fail(Assert.java:110)
at org.testng.Assert.failNotEquals(Assert.java:1413)
at org.testng.Assert.assertTrue(Assert.java:56)
at org.testng.Assert.assertTrue(Assert.java:66)
at steps_defs.CommonStepsDefs.checkErrorMessage(CommonStepsDefs.java:33)
at ✽.Then I see login error message 'Epic sadface: Username is required’(file:///C:/Users/janis/IdeaProjects/qa_automation_jm/src/test/resources/features/login.feature:18)
]]>
            </full-stacktrace>
          </exception> <!-- java.lang.AssertionError -->
          <reporter-output>
          </reporter-output>
        </test-method> <!-- runScenario -->
        <test-method is-config="true" signature="after()[pri:0, instance:runner.TestRunner@5f9be66c]" started-at="2022-07-12T20:41:45 EEST" name="after" finished-at="2022-07-12T20:41:46 EEST" duration-ms="500" status="PASS">
          <reporter-output>
          </reporter-output>
        </test-method> <!-- after -->
        <test-method signature="runScenario(io.cucumber.testng.PickleWrapper,io.cucumber.testng.FeatureWrapper)[pri:0, instance:runner.TestRunner@5f9be66c]" started-at="2022-07-12T20:41:46 EEST" name="runScenario" description="Runs Cucumber Scenarios" data-provider="scenarios" finished-at="2022-07-12T20:41:49 EEST" duration-ms="3069" status="FAIL">
          <params>
            <param index="0">
              <value>
                <![CDATA["Scenario: Error login - no username"]]>
              </value>
            </param>
            <param index="1">
              <value>
                <![CDATA["Login feature"]]>
              </value>
            </param>
          </params>
          <exception class="java.lang.AssertionError">
            <message>
              <![CDATA[expected [true] but found [false]]]>
            </message>
            <full-stacktrace>
              <![CDATA[java.lang.AssertionError: expected [true] but found [false]
at org.testng.Assert.fail(Assert.java:110)
at org.testng.Assert.failNotEquals(Assert.java:1413)
at org.testng.Assert.assertTrue(Assert.java:56)
at org.testng.Assert.assertTrue(Assert.java:66)
at steps_defs.CommonStepsDefs.checkErrorMessage(CommonStepsDefs.java:33)
at ✽.Then I see login error message 'Epic sadface: Username is required’(file:///C:/Users/janis/IdeaProjects/qa_automation_jm/src/test/resources/features/login.feature:18)
]]>
            </full-stacktrace>
          </exception> <!-- java.lang.AssertionError -->
          <reporter-output>
          </reporter-output>
        </test-method> <!-- runScenario -->
        <test-method is-config="true" signature="after()[pri:0, instance:runner.TestRunner@5f9be66c]" started-at="2022-07-12T20:41:49 EEST" name="after" finished-at="2022-07-12T20:41:50 EEST" duration-ms="547" status="PASS">
          <reporter-output>
          </reporter-output>
        </test-method> <!-- after -->
        <test-method is-config="true" signature="tearDownClass()[pri:0, instance:runner.TestRunner@5f9be66c]" started-at="2022-07-12T20:41:50 EEST" name="tearDownClass" finished-at="2022-07-12T20:41:51 EEST" duration-ms="1156" status="PASS">
          <reporter-output>
          </reporter-output>
        </test-method> <!-- tearDownClass -->
      </class> <!-- runner.TestRunner -->
    </test> <!-- TestRunner -->
  </suite> <!-- Login tests -->
</testng-results>
